<?xml version="1.0" encoding="UTF-8"?>
<testng-results ignored="0" total="1" passed="1" failed="0" skipped="0">
  <reporter-output>
  </reporter-output>
  <suite started-at="2023-05-05T17:31:33 IST" name="Default suite" finished-at="2023-05-05T17:31:55 IST" duration-ms="21156">
    <groups>
      <group name="RegressionTesting">
        <method signature="CreateCampaige.createCampaige()[pri:0, instance:Campaige.CreateCampaige@3f6b0be5]" name="createCampaige" class="Campaige.CreateCampaige"/>
      </group> <!-- RegressionTesting -->
    </groups>
    <test started-at="2023-05-05T17:31:33 IST" name="Default test" finished-at="2023-05-05T17:31:55 IST" duration-ms="21156">
      <class name="Campaige.CreateCampaige">
        <test-method is-config="true" signature="BS()[pri:0, instance:Campaige.CreateCampaige@3f6b0be5]" started-at="2023-05-05T17:31:33 IST" name="BS" finished-at="2023-05-05T17:31:33 IST" duration-ms="10" status="PASS">
          <reporter-output>
          </reporter-output>
        </test-method> <!-- BS -->
        <test-method is-config="true" signature="BT()[pri:0, instance:Campaige.CreateCampaige@3f6b0be5]" started-at="2023-05-05T17:31:33 IST" name="BT" finished-at="2023-05-05T17:31:33 IST" duration-ms="0" status="PASS">
          <reporter-output>
          </reporter-output>
        </test-method> <!-- BT -->
        <test-method is-config="true" signature="BC()[pri:0, instance:Campaige.CreateCampaige@3f6b0be5]" started-at="2023-05-05T17:31:33 IST" name="BC" finished-at="2023-05-05T17:31:33 IST" duration-ms="0" status="PASS">
          <reporter-output>
          </reporter-output>
        </test-method> <!-- BC -->
        <test-method is-config="true" signature="BM()[pri:0, instance:Campaige.CreateCampaige@3f6b0be5]" started-at="2023-05-05T17:31:33 IST" name="BM" finished-at="2023-05-05T17:31:33 IST" duration-ms="1" status="PASS">
          <reporter-output>
          </reporter-output>
        </test-method> <!-- BM -->
        <test-method signature="createCampaige()[pri:0, instance:Campaige.CreateCampaige@3f6b0be5]" started-at="2023-05-05T17:31:33 IST" name="createCampaige" finished-at="2023-05-05T17:31:55 IST" duration-ms="21106" status="PASS">
          <reporter-output>
          </reporter-output>
        </test-method> <!-- createCampaige -->
        <test-method is-config="true" signature="AM()[pri:0, instance:Campaige.CreateCampaige@3f6b0be5]" started-at="2023-05-05T17:31:55 IST" name="AM" finished-at="2023-05-05T17:31:55 IST" duration-ms="0" status="PASS">
          <reporter-output>
          </reporter-output>
        </test-method> <!-- AM -->
        <test-method is-config="true" signature="AC()[pri:0, instance:Campaige.CreateCampaige@3f6b0be5]" started-at="2023-05-05T17:31:55 IST" name="AC" finished-at="2023-05-05T17:31:55 IST" duration-ms="0" status="PASS">
          <reporter-output>
          </reporter-output>
        </test-method> <!-- AC -->
        <test-method is-config="true" signature="AT()[pri:0, instance:Campaige.CreateCampaige@3f6b0be5]" started-at="2023-05-05T17:31:55 IST" name="AT" finished-at="2023-05-05T17:31:55 IST" duration-ms="1" status="PASS">
          <reporter-output>
          </reporter-output>
        </test-method> <!-- AT -->
        <test-method is-config="true" signature="AS()[pri:0, instance:Campaige.CreateCampaige@3f6b0be5]" started-at="2023-05-05T17:31:55 IST" name="AS" finished-at="2023-05-05T17:31:55 IST" duration-ms="0" status="PASS">
          <reporter-output>
          </reporter-output>
        </test-method> <!-- AS -->
      </class> <!-- Campaige.CreateCampaige -->
    </test> <!-- Default test -->
  </suite> <!-- Default suite -->
</testng-results>
